-------------------------------------------------------------------------------
Test set: co.edu.unicauca.cuychair.api_gateway.ApiGatewayApplicationTests
-------------------------------------------------------------------------------
Tests run: 1, Failures: 0, Errors: 1, Skipped: 0, Time elapsed: 1.719 s <<< FAILURE! - in co.edu.unicauca.cuychair.api_gateway.ApiGatewayApplicationTests
contextLoads  Time elapsed: 0.015 s  <<< ERROR!
java.lang.IllegalStateException: Failed to load ApplicationContext
Caused by: org.springframework.beans.factory.UnsatisfiedDependencyException: Error creating bean with name 'org.springframework.security.config.annotation.web.reactive.WebFluxSecurityConfiguration': Unsatisfied dependency expressed through method 'setSecurityWebFilterChains' parameter 0; nested exception is org.springframework.beans.factory.BeanCreationException: Error creating bean with name 'securityWebFilterChain' defined in class path resource [co/edu/unicauca/cuychair/api_gateway/config/SecurityConfig.class]: Bean instantiation via factory method failed; nested exception is org.springframework.beans.BeanInstantiationException: Failed to instantiate [org.springframework.security.web.server.SecurityWebFilterChain]: Factory method 'securityWebFilterChain' threw exception; nested exception is java.lang.NoClassDefFoundError: org/springframework/security/oauth2/client/web/server/authentication/OAuth2LoginAuthenticationWebFilter
Caused by: org.springframework.beans.factory.BeanCreationException: Error creating bean with name 'securityWebFilterChain' defined in class path resource [co/edu/unicauca/cuychair/api_gateway/config/SecurityConfig.class]: Bean instantiation via factory method failed; nested exception is org.springframework.beans.BeanInstantiationException: Failed to instantiate [org.springframework.security.web.server.SecurityWebFilterChain]: Factory method 'securityWebFilterChain' threw exception; nested exception is java.lang.NoClassDefFoundError: org/springframework/security/oauth2/client/web/server/authentication/OAuth2LoginAuthenticationWebFilter
Caused by: org.springframework.beans.BeanInstantiationException: Failed to instantiate [org.springframework.security.web.server.SecurityWebFilterChain]: Factory method 'securityWebFilterChain' threw exception; nested exception is java.lang.NoClassDefFoundError: org/springframework/security/oauth2/client/web/server/authentication/OAuth2LoginAuthenticationWebFilter
Caused by: java.lang.NoClassDefFoundError: org/springframework/security/oauth2/client/web/server/authentication/OAuth2LoginAuthenticationWebFilter
Caused by: java.lang.ClassNotFoundException: org.springframework.security.oauth2.client.web.server.authentication.OAuth2LoginAuthenticationWebFilter

